# JRE version: OpenJDK Runtime Environment (11.0.12+7) (build 11.0.12+7-b1504.28-7817840)
# Java VM: OpenJDK 64-Bit Server VM (11.0.12+7-b1504.28-7817840, mixed mode, tiered, compressed oops, g1 gc, windows-amd64)
Heap:
 garbage-first heap   total 420864K, used 264413K [0x0000000080000000, 0x0000000100000000)
  region size 1024K, 87 young (89088K), 6 survivors (6144K)
 Metaspace       used 112022K, capacity 115136K, committed 115272K, reserved 1148928K
  class space    used 14590K, capacity 15769K, committed 15820K, reserved 1048576K
GC Heap History (20 events):
Event: 62.834 GC heap before
{Heap before GC invocations=68 (full 0):
 garbage-first heap   total 192512K, used 158620K [0x0000000080000000, 0x0000000100000000)
  region size 1024K, 18 young (18432K), 2 survivors (2048K)
 Metaspace       used 95867K, capacity 98344K, committed 98632K, reserved 1134592K
  class space    used 12667K, capacity 13655K, committed 13772K, reserved 1048576K
}
Event: 62.903 GC heap after
{Heap after GC invocations=69 (full 0):
 garbage-first heap   total 269312K, used 143663K [0x0000000080000000, 0x0000000100000000)
  region size 1024K, 3 young (3072K), 3 survivors (3072K)
 Metaspace       used 95867K, capacity 98344K, committed 98632K, reserved 1134592K
  class space    used 12667K, capacity 13655K, committed 13772K, reserved 1048576K
}
Event: 63.765 GC heap before
{Heap before GC invocations=70 (full 0):
 garbage-first heap   total 269312K, used 180527K [0x0000000080000000, 0x0000000100000000)
  region size 1024K, 44 young (45056K), 3 survivors (3072K)
 Metaspace       used 96363K, capacity 98773K, committed 98888K, reserved 1134592K
  class space    used 12699K, capacity 13678K, committed 13772K, reserved 1048576K
}
Event: 63.816 GC heap after
{Heap after GC invocations=71 (full 0):
 garbage-first heap   total 269312K, used 142782K [0x0000000080000000, 0x0000000100000000)
  region size 1024K, 5 young (5120K), 5 survivors (5120K)
 Metaspace       used 96363K, capacity 98773K, committed 98888K, reserved 1134592K
  class space    used 12699K, capacity 13678K, committed 13772K, reserved 1048576K
}
Event: 64.630 GC heap before
{Heap before GC invocations=72 (full 0):
 garbage-first heap   total 269312K, used 172478K [0x0000000080000000, 0x0000000100000000)
  region size 1024K, 34 young (34816K), 5 survivors (5120K)
 Metaspace       used 96539K, capacity 99013K, committed 99144K, reserved 1134592K
  class space    used 12716K, capacity 13693K, committed 13772K, reserved 1048576K
}
Event: 64.676 GC heap after
{Heap after GC invocations=73 (full 0):
 garbage-first heap   total 269312K, used 148834K [0x0000000080000000, 0x0000000100000000)
  region size 1024K, 7 young (7168K), 7 survivors (7168K)
 Metaspace       used 96539K, capacity 99013K, committed 99144K, reserved 1134592K
  class space    used 12716K, capacity 13693K, committed 13772K, reserved 1048576K
}
Event: 65.212 GC heap before
{Heap before GC invocations=73 (full 0):
 garbage-first heap   total 269312K, used 204130K [0x0000000080000000, 0x0000000100000000)
  region size 1024K, 53 young (54272K), 7 survivors (7168K)
 Metaspace       used 96701K, capacity 99173K, committed 99400K, reserved 1134592K
  class space    used 12734K, capacity 13701K, committed 13772K, reserved 1048576K
}
Event: 65.246 GC heap after
{Heap after GC invocations=74 (full 0):
 garbage-first heap   total 269312K, used 164569K [0x0000000080000000, 0x0000000100000000)
  region size 1024K, 7 young (7168K), 7 survivors (7168K)
 Metaspace       used 96701K, capacity 99173K, committed 99400K, reserved 1134592K
  class space    used 12734K, capacity 13701K, committed 13772K, reserved 1048576K
}
Event: 65.634 GC heap before
{Heap before GC invocations=75 (full 0):
 garbage-first heap   total 269312K, used 208601K [0x0000000080000000, 0x0000000100000000)
  region size 1024K, 50 young (51200K), 7 survivors (7168K)
 Metaspace       used 96901K, capacity 99423K, committed 99656K, reserved 1134592K
  class space    used 12744K, capacity 13716K, committed 13772K, reserved 1048576K
}
Event: 65.779 GC heap after
{Heap after GC invocations=76 (full 0):
 garbage-first heap   total 420864K, used 165230K [0x0000000080000000, 0x0000000100000000)
  region size 1024K, 1 young (1024K), 1 survivors (1024K)
 Metaspace       used 96901K, capacity 99423K, committed 99656K, reserved 1134592K
  class space    used 12744K, capacity 13716K, committed 13772K, reserved 1048576K
}
Event: 101.787 GC heap before
{Heap before GC invocations=76 (full 0):
 garbage-first heap   total 420864K, used 183662K [0x0000000080000000, 0x0000000100000000)
  region size 1024K, 20 young (20480K), 1 survivors (1024K)
 Metaspace       used 98003K, capacity 100582K, committed 100808K, reserved 1136640K
  class space    used 12882K, capacity 13874K, committed 13900K, reserved 1048576K
}
Event: 102.043 GC heap after
{Heap after GC invocations=77 (full 0):
 garbage-first heap   total 420864K, used 166470K [0x0000000080000000, 0x0000000100000000)
  region size 1024K, 3 young (3072K), 3 survivors (3072K)
 Metaspace       used 98003K, capacity 100582K, committed 100808K, reserved 1136640K
  class space    used 12882K, capacity 13874K, committed 13900K, reserved 1048576K
}
Event: 107.166 GC heap before
{Heap before GC invocations=77 (full 0):
 garbage-first heap   total 420864K, used 219718K [0x0000000080000000, 0x0000000100000000)
  region size 1024K, 56 young (57344K), 3 survivors (3072K)
 Metaspace       used 99114K, capacity 101701K, committed 101832K, reserved 1136640K
  class space    used 13014K, capacity 14033K, committed 14156K, reserved 1048576K
}
Event: 107.376 GC heap after
{Heap after GC invocations=78 (full 0):
 garbage-first heap   total 420864K, used 167846K [0x0000000080000000, 0x0000000100000000)
  region size 1024K, 4 young (4096K), 4 survivors (4096K)
 Metaspace       used 99114K, capacity 101701K, committed 101832K, reserved 1136640K
  class space    used 13014K, capacity 14033K, committed 14156K, reserved 1048576K
}
Event: 109.985 GC heap before
{Heap before GC invocations=78 (full 0):
 garbage-first heap   total 420864K, used 184230K [0x0000000080000000, 0x0000000100000000)
  region size 1024K, 20 young (20480K), 4 survivors (4096K)
 Metaspace       used 99740K, capacity 102354K, committed 102600K, reserved 1138688K
  class space    used 13077K, capacity 14080K, committed 14156K, reserved 1048576K
}
Event: 110.014 GC heap after
{Heap after GC invocations=79 (full 0):
 garbage-first heap   total 420864K, used 169978K [0x0000000080000000, 0x0000000100000000)
  region size 1024K, 3 young (3072K), 3 survivors (3072K)
 Metaspace       used 99740K, capacity 102354K, committed 102600K, reserved 1138688K
  class space    used 13077K, capacity 14080K, committed 14156K, reserved 1048576K
}
Event: 114.002 GC heap before
{Heap before GC invocations=79 (full 0):
 garbage-first heap   total 420864K, used 186362K [0x0000000080000000, 0x0000000100000000)
  region size 1024K, 20 young (20480K), 3 survivors (3072K)
 Metaspace       used 103136K, capacity 105824K, committed 105928K, reserved 1140736K
  class space    used 13540K, capacity 14573K, committed 14668K, reserved 1048576K
}
Event: 114.024 GC heap after
{Heap after GC invocations=80 (full 0):
 garbage-first heap   total 420864K, used 171050K [0x0000000080000000, 0x0000000100000000)
  region size 1024K, 2 young (2048K), 2 survivors (2048K)
 Metaspace       used 103136K, capacity 105824K, committed 105928K, reserved 1140736K
  class space    used 13540K, capacity 14573K, committed 14668K, reserved 1048576K
}
Event: 119.410 GC heap before
{Heap before GC invocations=80 (full 0):
 garbage-first heap   total 420864K, used 212010K [0x0000000080000000, 0x0000000100000000)
  region size 1024K, 41 young (41984K), 2 survivors (2048K)
 Metaspace       used 107139K, capacity 109912K, committed 110280K, reserved 1144832K
  class space    used 14004K, capacity 15065K, committed 15180K, reserved 1048576K
}
Event: 119.443 GC heap after
{Heap after GC invocations=81 (full 0):
 garbage-first heap   total 420864K, used 180445K [0x0000000080000000, 0x0000000100000000)
  region size 1024K, 6 young (6144K), 6 survivors (6144K)
 Metaspace       used 107139K, capacity 109912K, committed 110280K, reserved 1144832K
  class space    used 14004K, capacity 15065K, committed 15180K, reserved 1048576K
}

