# JRE version: OpenJDK Runtime Environment (11.0.12+7) (build 11.0.12+7-b1504.28-7817840)
# Java VM: OpenJDK 64-Bit Server VM (11.0.12+7-b1504.28-7817840, mixed mode, tiered, compressed oops, g1 gc, windows-amd64)
Heap:
 garbage-first heap   total 456704K, used 154987K [0x0000000080000000, 0x0000000100000000)
  region size 1024K, 5 young (5120K), 5 survivors (5120K)
 Metaspace       used 102798K, capacity 105374K, committed 105600K, reserved 1140736K
  class space    used 13392K, capacity 14385K, committed 14464K, reserved 1048576K
GC Heap History (20 events):
Event: 111.650 GC heap after
{Heap after GC invocations=90 (full 0):
 garbage-first heap   total 159744K, used 121571K [0x0000000080000000, 0x0000000100000000)
  region size 1024K, 3 young (3072K), 3 survivors (3072K)
 Metaspace       used 98819K, capacity 101100K, committed 101376K, reserved 1136640K
  class space    used 12873K, capacity 13750K, committed 13824K, reserved 1048576K
}
Event: 111.678 GC heap before
{Heap before GC invocations=90 (full 0):
 garbage-first heap   total 159744K, used 125667K [0x0000000080000000, 0x0000000100000000)
  region size 1024K, 7 young (7168K), 3 survivors (3072K)
 Metaspace       used 98822K, capacity 101100K, committed 101376K, reserved 1136640K
  class space    used 12873K, capacity 13750K, committed 13824K, reserved 1048576K
}
Event: 111.692 GC heap after
{Heap after GC invocations=91 (full 0):
 garbage-first heap   total 159744K, used 123291K [0x0000000080000000, 0x0000000100000000)
  region size 1024K, 1 young (1024K), 1 survivors (1024K)
 Metaspace       used 98822K, capacity 101100K, committed 101376K, reserved 1136640K
  class space    used 12873K, capacity 13750K, committed 13824K, reserved 1048576K
}
Event: 111.757 GC heap before
{Heap before GC invocations=91 (full 0):
 garbage-first heap   total 159744K, used 132507K [0x0000000080000000, 0x0000000100000000)
  region size 1024K, 10 young (10240K), 1 survivors (1024K)
 Metaspace       used 98830K, capacity 101164K, committed 101376K, reserved 1136640K
  class space    used 12873K, capacity 13750K, committed 13824K, reserved 1048576K
}
Event: 111.781 GC heap after
{Heap after GC invocations=92 (full 0):
 garbage-first heap   total 192512K, used 128504K [0x0000000080000000, 0x0000000100000000)
  region size 1024K, 2 young (2048K), 2 survivors (2048K)
 Metaspace       used 98830K, capacity 101164K, committed 101376K, reserved 1136640K
  class space    used 12873K, capacity 13750K, committed 13824K, reserved 1048576K
}
Event: 111.885 GC heap before
{Heap before GC invocations=92 (full 0):
 garbage-first heap   total 192512K, used 146936K [0x0000000080000000, 0x0000000100000000)
  region size 1024K, 20 young (20480K), 2 survivors (2048K)
 Metaspace       used 98853K, capacity 101168K, committed 101376K, reserved 1136640K
  class space    used 12873K, capacity 13750K, committed 13824K, reserved 1048576K
}
Event: 111.907 GC heap after
{Heap after GC invocations=93 (full 0):
 garbage-first heap   total 192512K, used 138200K [0x0000000080000000, 0x0000000100000000)
  region size 1024K, 3 young (3072K), 3 survivors (3072K)
 Metaspace       used 98853K, capacity 101168K, committed 101376K, reserved 1136640K
  class space    used 12873K, capacity 13750K, committed 13824K, reserved 1048576K
}
Event: 113.116 GC heap before
{Heap before GC invocations=93 (full 0):
 garbage-first heap   total 192512K, used 152536K [0x0000000080000000, 0x0000000100000000)
  region size 1024K, 18 young (18432K), 3 survivors (3072K)
 Metaspace       used 100799K, capacity 103144K, committed 103424K, reserved 1138688K
  class space    used 13139K, capacity 14024K, committed 14080K, reserved 1048576K
}
Event: 113.145 GC heap after
{Heap after GC invocations=94 (full 0):
 garbage-first heap   total 192512K, used 142694K [0x0000000080000000, 0x0000000100000000)
  region size 1024K, 3 young (3072K), 3 survivors (3072K)
 Metaspace       used 100799K, capacity 103144K, committed 103424K, reserved 1138688K
  class space    used 13139K, capacity 14024K, committed 14080K, reserved 1048576K
}
Event: 113.515 GC heap before
{Heap before GC invocations=94 (full 0):
 garbage-first heap   total 192512K, used 156006K [0x0000000080000000, 0x0000000100000000)
  region size 1024K, 16 young (16384K), 3 survivors (3072K)
 Metaspace       used 101248K, capacity 103633K, committed 103808K, reserved 1138688K
  class space    used 13193K, capacity 14096K, committed 14208K, reserved 1048576K
}
Event: 113.537 GC heap after
{Heap after GC invocations=95 (full 0):
 garbage-first heap   total 192512K, used 145894K [0x0000000080000000, 0x0000000100000000)
  region size 1024K, 2 young (2048K), 2 survivors (2048K)
 Metaspace       used 101248K, capacity 103633K, committed 103808K, reserved 1138688K
  class space    used 13193K, capacity 14096K, committed 14208K, reserved 1048576K
}
Event: 114.258 GC heap before
{Heap before GC invocations=96 (full 0):
 garbage-first heap   total 192512K, used 154086K [0x0000000080000000, 0x0000000100000000)
  region size 1024K, 15 young (15360K), 2 survivors (2048K)
 Metaspace       used 101687K, capacity 104173K, committed 104448K, reserved 1138688K
  class space    used 13272K, capacity 14234K, committed 14336K, reserved 1048576K
}
Event: 114.361 GC heap after
{Heap after GC invocations=97 (full 0):
 garbage-first heap   total 239616K, used 142536K [0x0000000080000000, 0x0000000100000000)
  region size 1024K, 2 young (2048K), 2 survivors (2048K)
 Metaspace       used 101687K, capacity 104173K, committed 104448K, reserved 1138688K
  class space    used 13272K, capacity 14234K, committed 14336K, reserved 1048576K
}
Event: 114.589 GC heap before
{Heap before GC invocations=97 (full 0):
 garbage-first heap   total 239616K, used 151752K [0x0000000080000000, 0x0000000100000000)
  region size 1024K, 11 young (11264K), 2 survivors (2048K)
 Metaspace       used 101972K, capacity 104480K, committed 104704K, reserved 1140736K
  class space    used 13311K, capacity 14270K, committed 14336K, reserved 1048576K
}
Event: 114.599 GC heap after
{Heap after GC invocations=98 (full 0):
 garbage-first heap   total 239616K, used 140246K [0x0000000080000000, 0x0000000100000000)
  region size 1024K, 2 young (2048K), 2 survivors (2048K)
 Metaspace       used 101972K, capacity 104480K, committed 104704K, reserved 1140736K
  class space    used 13311K, capacity 14270K, committed 14336K, reserved 1048576K
}
Event: 115.003 GC heap before
{Heap before GC invocations=98 (full 0):
 garbage-first heap   total 239616K, used 169942K [0x0000000080000000, 0x0000000100000000)
  region size 1024K, 30 young (30720K), 2 survivors (2048K)
 Metaspace       used 102256K, capacity 104812K, committed 104960K, reserved 1140736K
  class space    used 13333K, capacity 14310K, committed 14336K, reserved 1048576K
}
Event: 115.023 GC heap after
{Heap after GC invocations=99 (full 0):
 garbage-first heap   total 239616K, used 143571K [0x0000000080000000, 0x0000000100000000)
  region size 1024K, 3 young (3072K), 3 survivors (3072K)
 Metaspace       used 102256K, capacity 104812K, committed 104960K, reserved 1140736K
  class space    used 13333K, capacity 14310K, committed 14336K, reserved 1048576K
}
Event: 115.919 GC heap before
{Heap before GC invocations=99 (full 0):
 garbage-first heap   total 239616K, used 175315K [0x0000000080000000, 0x0000000100000000)
  region size 1024K, 33 young (33792K), 3 survivors (3072K)
 Metaspace       used 102652K, capacity 105172K, committed 105344K, reserved 1140736K
  class space    used 13373K, capacity 14341K, committed 14464K, reserved 1048576K
}
Event: 115.940 GC heap after
{Heap after GC invocations=100 (full 0):
 garbage-first heap   total 239616K, used 148464K [0x0000000080000000, 0x0000000100000000)
  region size 1024K, 5 young (5120K), 5 survivors (5120K)
 Metaspace       used 102652K, capacity 105172K, committed 105344K, reserved 1140736K
  class space    used 13373K, capacity 14341K, committed 14464K, reserved 1048576K
}
Event: 116.292 GC heap before
{Heap before GC invocations=100 (full 0):
 garbage-first heap   total 239616K, used 181232K [0x0000000080000000, 0x0000000100000000)
  region size 1024K, 36 young (36864K), 5 survivors (5120K)
 Metaspace       used 102798K, capacity 105374K, committed 105600K, reserved 1140736K
  class space    used 13392K, capacity 14385K, committed 14464K, reserved 1048576K
}

